{
"e:\\project\\reactjs-frontend\\app\\collection\\mockUtils.js":{"path":"e:\\project\\reactjs-frontend\\app\\collection\\mockUtils.js","s":{"20":1,"27":1,"31":2,"32":2,"33":2,"34":2,"35":4,"36":2,"37":2,"38":2,"40":1,"41":1,"42":1,"43":1,"44":1,"45":7,"46":1,"47":6,"48":6,"49":1,"50":1,"51":1,"52":2,"53":4,"54":4,"55":4,"56":4,"57":2,"58":2,"59":2,"60":2,"61":2,"62":13,"63":11,"64":6,"65":6,"66":6,"67":5,"68":1,"69":1,"70":1,"71":61,"72":1,"73":4,"74":2,"75":2,"76":2,"77":325,"78":2,"79":2,"80":325,"81":2,"82":2,"83":2,"84":2,"85":2,"86":2,"87":3,"88":3,"89":6,"90":3,"92":1},"f":{"10":2,"11":4,"13":7,"14":4,"15":2,"16":13,"17":3},"l":{"1":1,"4":1,"6":2,"7":2,"8":2,"9":2,"10":4,"11":2,"12":2,"13":2,"14":1,"15":1,"16":1,"17":1,"26":1,"27":7,"28":1,"30":6,"31":6,"34":1,"35":1,"37":1,"40":2,"49":4,"50":4,"51":4,"52":4,"62":2,"63":2,"64":2,"65":2,"66":2,"77":13,"78":11,"79":6,"80":6,"81":6,"82":5,"83":1,"84":1,"85":1,"86":61,"88":1,"90":4,"91":2,"92":2,"93":2,"94":325,"96":2,"97":2,"98":325,"100":2,"101":2,"102":2,"103":2,"104":2,"105":2,"111":3,"112":3,"113":6,"115":3},"b":{"12":[2,0],"13":[0,2],"14":[2,2],"15":[1,1],"16":[1,6],"17":[4,0],"18":[4,4],"19":[2,0],"20":[2,2,2],"21":[11,2],"22":[13,13],"23":[6,5],"24":[1,4],"25":[2,2],"26":[2,0],"27":[2,2]},"statementMap":{"20":{"start":{"line":1,"column":0},"end":{"line":null,"column":null}},"27":{"start":{"line":4,"column":21},"end":{"line":null,"column":null}},"31":{"start":{"line":6,"column":12},"end":{"line":null,"column":null}},"32":{"start":{"line":7,"column":12},"end":{"line":null,"column":null}},"33":{"start":{"line":8,"column":16},"end":{"line":null,"column":null}},"34":{"start":{"line":9,"column":20},"end":{"line":null,"column":null}},"35":{"start":{"line":10,"column":20},"end":{"line":null,"column":null}},"36":{"start":{"line":11,"column":24},"end":{"line":null,"column":null}},"37":{"start":{"line":12,"column":24},"end":{"line":null,"column":null}},"38":{"start":{"line":13,"column":23},"end":{"line":null,"column":null}},"40":{"start":{"line":14,"column":24},"end":{"line":null,"column":null}},"41":{"start":{"line":15,"column":24},"end":{"line":null,"column":null}},"42":{"start":{"line":16,"column":24},"end":{"line":null,"column":null}},"43":{"start":{"line":17,"column":24},"end":{"line":null,"column":null}},"44":{"start":{"line":26,"column":27},"end":{"line":null,"column":null}},"45":{"start":{"line":27,"column":28},"end":{"line":null,"column":null}},"46":{"start":{"line":28,"column":32},"end":{"line":null,"column":null}},"47":{"start":{"line":30,"column":32},"end":{"line":null,"column":null}},"48":{"start":{"line":31,"column":32},"end":{"line":null,"column":null}},"49":{"start":{"line":34,"column":30},"end":{"line":null,"column":null}},"50":{"start":{"line":35,"column":24},"end":{"line":null,"column":null}},"51":{"start":{"line":37,"column":24},"end":{"line":null,"column":null}},"52":{"start":{"line":40,"column":19},"end":{"line":null,"column":null}},"53":{"start":{"line":49,"column":12},"end":{"line":null,"column":null}},"54":{"start":{"line":50,"column":16},"end":{"line":null,"column":null}},"55":{"start":{"line":51,"column":16},"end":{"line":null,"column":null}},"56":{"start":{"line":52,"column":20},"end":{"line":null,"column":null}},"57":{"start":{"line":62,"column":12},"end":{"line":null,"column":null}},"58":{"start":{"line":63,"column":16},"end":{"line":null,"column":null}},"59":{"start":{"line":64,"column":16},"end":{"line":null,"column":null}},"60":{"start":{"line":65,"column":16},"end":{"line":null,"column":null}},"61":{"start":{"line":66,"column":20},"end":{"line":null,"column":null}},"62":{"start":{"line":77,"column":12},"end":{"line":null,"column":null}},"63":{"start":{"line":78,"column":16},"end":{"line":null,"column":null}},"64":{"start":{"line":79,"column":20},"end":{"line":null,"column":null}},"65":{"start":{"line":80,"column":20},"end":{"line":null,"column":null}},"66":{"start":{"line":81,"column":23},"end":{"line":null,"column":null}},"67":{"start":{"line":82,"column":19},"end":{"line":null,"column":null}},"68":{"start":{"line":83,"column":20},"end":{"line":null,"column":null}},"69":{"start":{"line":84,"column":20},"end":{"line":null,"column":null}},"70":{"start":{"line":85,"column":21},"end":{"line":null,"column":null}},"71":{"start":{"line":86,"column":27},"end":{"line":null,"column":null}},"72":{"start":{"line":88,"column":23},"end":{"line":null,"column":null}},"73":{"start":{"line":90,"column":19},"end":{"line":null,"column":null}},"74":{"start":{"line":91,"column":20},"end":{"line":null,"column":null}},"75":{"start":{"line":92,"column":20},"end":{"line":null,"column":null}},"76":{"start":{"line":93,"column":21},"end":{"line":null,"column":null}},"77":{"start":{"line":94,"column":24},"end":{"line":null,"column":null}},"78":{"start":{"line":96,"column":20},"end":{"line":null,"column":null}},"79":{"start":{"line":97,"column":21},"end":{"line":null,"column":null}},"80":{"start":{"line":98,"column":25},"end":{"line":null,"column":null}},"81":{"start":{"line":100,"column":20},"end":{"line":null,"column":null}},"82":{"start":{"line":101,"column":23},"end":{"line":null,"column":null}},"83":{"start":{"line":102,"column":19},"end":{"line":null,"column":null}},"84":{"start":{"line":103,"column":20},"end":{"line":null,"column":null}},"85":{"start":{"line":104,"column":20},"end":{"line":null,"column":null}},"86":{"start":{"line":105,"column":23},"end":{"line":null,"column":null}},"87":{"start":{"line":111,"column":12},"end":{"line":null,"column":null}},"88":{"start":{"line":112,"column":13},"end":{"line":null,"column":null}},"89":{"start":{"line":113,"column":19},"end":{"line":null,"column":null}},"90":{"start":{"line":115,"column":15},"end":{"line":null,"column":null}},"92":{"start":{"line":4,"column":21},"end":{"line":null,"column":null}}},"fnMap":{"10":{"name":"createMockContent","line":5,"loc":{"start":{"line":5,"column":29},"end":{"line":5,"column":34}}},"11":{"name":"(anonymous_11)","line":9,"loc":{"start":{"line":9,"column":28},"end":{"line":9,"column":42}}},"13":{"name":"(anonymous_13)","line":26,"loc":{"start":{"line":26,"column":35},"end":{"line":26,"column":49}}},"14":{"name":"getRandomlength","line":48,"loc":{"start":{"line":48,"column":27},"end":{"line":48,"column":30}}},"15":{"name":"getRandomItem","line":61,"loc":{"start":{"line":61,"column":25},"end":{"line":61,"column":30}}},"16":{"name":"getSpecialItem","line":76,"loc":{"start":{"line":76,"column":26},"end":{"line":76,"column":32}}},"17":{"name":"getItemsArr","line":110,"loc":{"start":{"line":110,"column":23},"end":{"line":110,"column":26}}}},"branchMap":{"12":{"line":7,"type":"if","locations":[{"start":{"line":7,"column":12},"end":{"line":7,"column":12}},{"start":{"line":7,"column":12},"end":{"line":7,"column":12}}]},"13":{"line":7,"type":"cond-expr","locations":[{"start":{"line":7,"column":19},"end":{"line":7,"column":19}},{"start":{"line":7,"column":19},"end":{"line":7,"column":28}}]},"14":{"line":10,"type":"if","locations":[{"start":{"line":10,"column":20},"end":{"line":10,"column":20}},{"start":{"line":10,"column":20},"end":{"line":10,"column":20}}]},"15":{"line":13,"type":"if","locations":[{"start":{"line":13,"column":23},"end":{"line":13,"column":23}},{"start":{"line":13,"column":23},"end":{"line":13,"column":23}}]},"16":{"line":27,"type":"if","locations":[{"start":{"line":27,"column":28},"end":{"line":27,"column":28}},{"start":{"line":27,"column":28},"end":{"line":27,"column":28}}]},"17":{"line":49,"type":"if","locations":[{"start":{"line":49,"column":12},"end":{"line":49,"column":12}},{"start":{"line":49,"column":12},"end":{"line":49,"column":12}}]},"18":{"line":49,"type":"binary-expr","locations":[{"start":{"line":49,"column":12},"end":{"line":49,"column":17}},{"start":{"line":49,"column":17},"end":{"line":49,"column":8}}]},"19":{"line":62,"type":"if","locations":[{"start":{"line":62,"column":12},"end":{"line":62,"column":12}},{"start":{"line":62,"column":12},"end":{"line":62,"column":12}}]},"20":{"line":62,"type":"binary-expr","locations":[{"start":{"line":62,"column":12},"end":{"line":62,"column":19}},{"start":{"line":62,"column":19},"end":{"line":62,"column":12}},{"start":{"line":62,"column":41},"end":{"line":62,"column":8}}]},"21":{"line":77,"type":"if","locations":[{"start":{"line":77,"column":12},"end":{"line":77,"column":12}},{"start":{"line":77,"column":12},"end":{"line":77,"column":12}}]},"22":{"line":77,"type":"binary-expr","locations":[{"start":{"line":77,"column":12},"end":{"line":77,"column":17}},{"start":{"line":77,"column":17},"end":{"line":77,"column":8}}]},"23":{"line":78,"type":"if","locations":[{"start":{"line":78,"column":16},"end":{"line":78,"column":16}},{"start":{"line":78,"column":16},"end":{"line":78,"column":16}}]},"24":{"line":82,"type":"if","locations":[{"start":{"line":82,"column":19},"end":{"line":82,"column":19}},{"start":{"line":82,"column":19},"end":{"line":82,"column":19}}]},"25":{"line":90,"type":"if","locations":[{"start":{"line":90,"column":19},"end":{"line":90,"column":19}},{"start":{"line":90,"column":19},"end":{"line":90,"column":19}}]},"26":{"line":102,"type":"if","locations":[{"start":{"line":102,"column":19},"end":{"line":102,"column":19}},{"start":{"line":102,"column":19},"end":{"line":102,"column":19}}]},"27":{"line":102,"type":"binary-expr","locations":[{"start":{"line":102,"column":23},"end":{"line":102,"column":23}},{"start":{"line":102,"column":39},"end":{"line":102,"column":19}}]}}},
"e:\\project\\reactjs-frontend\\app\\collection\\config.js":{"path":"e:\\project\\reactjs-frontend\\app\\collection\\config.js","s":{"2":1,"4":0,"5":0,"6":0},"f":{"1":0,"2":0,"3":0},"l":{"4":1,"88":0,"90":0,"93":0},"b":{"1":[0,0]},"statementMap":{"2":{"start":{"line":4,"column":15},"end":{"line":null,"column":null}},"4":{"start":{"line":88,"column":20},"end":{"line":null,"column":null}},"5":{"start":{"line":90,"column":28},"end":{"line":null,"column":null}},"6":{"start":{"line":93,"column":44},"end":{"line":null,"column":null}}},"fnMap":{"1":{"name":"getUrl","line":33,"loc":{"start":{"line":33,"column":20},"end":{"line":33,"column":26}}},"2":{"name":"getUrl","line":86,"loc":{"start":{"line":86,"column":20},"end":{"line":86,"column":31}}},"3":{"name":"getUrl","line":109,"loc":{"start":{"line":109,"column":20},"end":{"line":109,"column":31}}}},"branchMap":{"1":{"line":88,"type":"if","locations":[{"start":{"line":88,"column":20},"end":{"line":88,"column":20}},{"start":{"line":88,"column":20},"end":{"line":88,"column":20}}]}}}}
