TN:
SF:e:\project\reactjs-frontend\app\collection\mockUtils.js
FN:5,createMockContent
FN:9,(anonymous_11)
FN:26,(anonymous_13)
FN:48,getRandomlength
FN:61,getRandomItem
FN:76,getSpecialItem
FN:110,getItemsArr
FNF:7
FNH:7
FNDA:2,createMockContent
FNDA:4,(anonymous_11)
FNDA:7,(anonymous_13)
FNDA:4,getRandomlength
FNDA:2,getRandomItem
FNDA:13,getSpecialItem
FNDA:3,getItemsArr
DA:1,1
DA:4,1
DA:6,2
DA:7,2
DA:8,2
DA:9,2
DA:10,4
DA:11,2
DA:12,2
DA:13,2
DA:14,1
DA:15,1
DA:16,1
DA:17,1
DA:26,1
DA:27,7
DA:28,1
DA:30,6
DA:31,6
DA:34,1
DA:35,1
DA:37,1
DA:40,2
DA:49,4
DA:50,4
DA:51,4
DA:52,4
DA:62,2
DA:63,2
DA:64,2
DA:65,2
DA:66,2
DA:77,13
DA:78,11
DA:79,6
DA:80,6
DA:81,6
DA:82,5
DA:83,1
DA:84,1
DA:85,1
DA:86,61
DA:88,1
DA:90,4
DA:91,2
DA:92,2
DA:93,2
DA:94,325
DA:96,2
DA:97,2
DA:98,325
DA:100,2
DA:101,2
DA:102,2
DA:103,2
DA:104,2
DA:105,2
DA:111,3
DA:112,3
DA:113,6
DA:115,3
LF:61
LH:61
BRDA:7,12,0,2
BRDA:7,12,1,0
BRDA:7,13,0,0
BRDA:7,13,1,2
BRDA:10,14,0,2
BRDA:10,14,1,2
BRDA:13,15,0,1
BRDA:13,15,1,1
BRDA:27,16,0,1
BRDA:27,16,1,6
BRDA:49,17,0,4
BRDA:49,17,1,0
BRDA:49,18,0,4
BRDA:49,18,1,4
BRDA:62,19,0,2
BRDA:62,19,1,0
BRDA:62,20,0,2
BRDA:62,20,1,2
BRDA:62,20,2,2
BRDA:77,21,0,11
BRDA:77,21,1,2
BRDA:77,22,0,13
BRDA:77,22,1,13
BRDA:78,23,0,6
BRDA:78,23,1,5
BRDA:82,24,0,1
BRDA:82,24,1,4
BRDA:90,25,0,2
BRDA:90,25,1,2
BRDA:102,26,0,2
BRDA:102,26,1,0
BRDA:102,27,0,2
BRDA:102,27,1,2
BRF:33
BRH:28
end_of_record
TN:
SF:e:\project\reactjs-frontend\app\collection\config.js
FN:33,getUrl
FN:86,getUrl
FN:109,getUrl
FNF:3
FNH:0
FNDA:0,getUrl
FNDA:0,getUrl
FNDA:0,getUrl
DA:4,1
DA:88,0
DA:90,0
DA:93,0
LF:4
LH:1
BRDA:88,1,0,0
BRDA:88,1,1,0
BRF:2
BRH:0
end_of_record
